<?xml version="1.0" encoding="UTF-8" ?>
<testsuite tests="3" failures="1" name="GameBoardTest" time="0.016" errors="0" skipped="0">
  <properties>
[...]
</properties>
  <testcase classname="GameBoardTest" name="GameBoardTest.testToString" time="0.016">
    <failure message="expected: &lt;
1  00  00  00  00  00  00  00  00  
2  BP  BP  BP  BP  BP  BP  BP  BP  
3  00  00  00  00  00  00  00  00  
4  00  00  00  00  00  00  00  00  
5  00  00  00  00  00  00  00  00  
6  00  00  00  00  00  00  00  00  
7  WP  WP  WP  WP  WP  WP  WP  WP  
8  00  00  00  00  00  00  00  00  
   A   B   C   D   E   F   G   H
&gt; but was: &lt;
1  BR  Bk  BB  BQ  BK  BB  Bk  BR  
2  BP  BP  BP  BP  BP  BP  BP  BP  
3  00  00  00  00  00  00  00  00  
4  00  00  BR  00  00  00  00  00  
5  00  00  00  00  00  00  00  00  
6  00  00  00  00  WK  00  00  00  
7  WP  WP  WP  WP  WP  WP  WP  WP  
8  WR  Wk  WB  WQ  WK  WB  Wk  WR  
   A   B   C   D   E   F   G   H
&gt;" type="org.opentest4j.AssertionFailedError">org.opentest4j.AssertionFailedError: expected: &lt;
1  00  00  00  00  00  00  00  00  
2  BP  BP  BP  BP  BP  BP  BP  BP  
3  00  00  00  00  00  00  00  00  
4  00  00  00  00  00  00  00  00  
5  00  00  00  00  00  00  00  00  
6  00  00  00  00  00  00  00  00  
7  WP  WP  WP  WP  WP  WP  WP  WP  
8  00  00  00  00  00  00  00  00  
   A   B   C   D   E   F   G   H
&gt; but was: &lt;
1  BR  Bk  BB  BQ  BK  BB  Bk  BR  
2  BP  BP  BP  BP  BP  BP  BP  BP  
3  00  00  00  00  00  00  00  00  
4  00  00  BR  00  00  00  00  00  
5  00  00  00  00  00  00  00  00  
6  00  00  00  00  WK  00  00  00  
7  WP  WP  WP  WP  WP  WP  WP  WP  
8  WR  Wk  WB  WQ  WK  WB  Wk  WR  
   A   B   C   D   E   F   G   H
&gt;
	at org.junit.jupiter.api.AssertionUtils.fail(AssertionUtils.java:54)
	at org.junit.jupiter.api.AssertEquals.failNotEqual(AssertEquals.java:195)
	at org.junit.jupiter.api.AssertEquals.assertEquals(AssertEquals.java:184)
	at org.junit.jupiter.api.AssertEquals.assertEquals(AssertEquals.java:179)
	at org.junit.jupiter.api.Assertions.assertEquals(Assertions.java:508)
	at GameBoardTest.testToString(GameBoardTest.java:32)
</failure>
    <system-out>00
00
null
null
false
[BK, BP, BP, BP, BP, BP, BP, BP, BP, BR, Bk, BB, BQ, BB, Bk, BR]
[WK, WP, WP, WP, WP, WP, WP, WP, WP, WR, Wk, WB, WQ, WB, Wk, WR]
</system-out>
  </testcase>
  <testcase classname="GameBoardTest" name="GameBoardTest.testGetTotalCol" time="0"/>
  <testcase classname="GameBoardTest" name="GameBoardTest.testGetTotalRow" time="0"/>
</testsuite>